<?xml version="1.0" encoding="UTF-8"?>
<!-- Generated by org.testng.reporters.JUnitXMLReporter -->
<testsuite ignored="0" hostname="SRIKANTH" failures="0" tests="3" name="Default test" time="25.43" errors="0" timestamp="2024-05-31T00:08:07 IST">
  <testcase classname="com.guru.qa.testcases.LoginPageTest" name="validateTitle" time="0.016"/>
  <testcase classname="com.guru.qa.testcases.LoginPageTest" name="validateLogo" time="0.039"/>
  <testcase classname="com.guru.qa.testcases.LoginPageTest" name="loginToApp" time="4.893"/>
</testsuite> <!-- Default test -->
