<?xml version="1.0" encoding="UTF-8"?>
<!-- Generated by org.testng.reporters.JUnitXMLReporter -->
<testsuite ignored="0" hostname="SRIKANTH" failures="0" tests="3" name="Default test" time="52.431" errors="0" timestamp="2024-05-31T11:56:20 IST">
  <testcase classname="com.guru.qa.testcases.HomePageTest" name="validateTitle" time="0.033"/>
  <testcase classname="com.guru.qa.testcases.HomePageTest" name="validateLogo" time="0.052"/>
  <testcase classname="com.guru.qa.testcases.HomePageTest" name="navigateToNewCustomerPage" time="0.087"/>
</testsuite> <!-- Default test -->
