<?xml version="1.0" encoding="UTF-8"?>
<testng-results ignored="0" total="3" passed="3" failed="0" skipped="0">
  <reporter-output>
  </reporter-output>
  <suite started-at="2024-05-31T11:55:28 IST" name="Default suite" finished-at="2024-05-31T11:56:20 IST" duration-ms="52431">
    <groups>
    </groups>
    <test started-at="2024-05-31T11:55:28 IST" name="Default test" finished-at="2024-05-31T11:56:20 IST" duration-ms="52431">
      <class name="com.guru.qa.testcases.HomePageTest">
        <test-method is-config="true" signature="setUp()[pri:0, instance:com.guru.qa.testcases.HomePageTest@55141def]" started-at="2024-05-31T11:55:28 IST" name="setUp" finished-at="2024-05-31T11:55:45 IST" duration-ms="16921" status="PASS">
          <reporter-output>
          </reporter-output>
        </test-method> <!-- setUp -->
        <test-method signature="validateTitle()[pri:0, instance:com.guru.qa.testcases.HomePageTest@55141def]" started-at="2024-05-31T11:55:45 IST" name="validateTitle" finished-at="2024-05-31T11:55:45 IST" duration-ms="33" status="PASS">
          <reporter-output>
          </reporter-output>
        </test-method> <!-- validateTitle -->
        <test-method is-config="true" signature="closeAll()[pri:0, instance:com.guru.qa.testcases.HomePageTest@55141def]" started-at="2024-05-31T11:55:45 IST" name="closeAll" finished-at="2024-05-31T11:55:46 IST" duration-ms="1343" status="PASS">
          <reporter-output>
          </reporter-output>
        </test-method> <!-- closeAll -->
        <test-method is-config="true" signature="setUp()[pri:0, instance:com.guru.qa.testcases.HomePageTest@55141def]" started-at="2024-05-31T11:55:46 IST" name="setUp" finished-at="2024-05-31T11:56:03 IST" duration-ms="17425" status="PASS">
          <reporter-output>
          </reporter-output>
        </test-method> <!-- setUp -->
        <test-method signature="validateLogo()[pri:1, instance:com.guru.qa.testcases.HomePageTest@55141def]" started-at="2024-05-31T11:56:03 IST" name="validateLogo" finished-at="2024-05-31T11:56:03 IST" duration-ms="52" status="PASS">
          <reporter-output>
          </reporter-output>
        </test-method> <!-- validateLogo -->
        <test-method is-config="true" signature="closeAll()[pri:0, instance:com.guru.qa.testcases.HomePageTest@55141def]" started-at="2024-05-31T11:56:03 IST" name="closeAll" finished-at="2024-05-31T11:56:04 IST" duration-ms="303" status="PASS">
          <reporter-output>
          </reporter-output>
        </test-method> <!-- closeAll -->
        <test-method is-config="true" signature="setUp()[pri:0, instance:com.guru.qa.testcases.HomePageTest@55141def]" started-at="2024-05-31T11:56:04 IST" name="setUp" finished-at="2024-05-31T11:56:19 IST" duration-ms="14855" status="PASS">
          <reporter-output>
          </reporter-output>
        </test-method> <!-- setUp -->
        <test-method signature="navigateToNewCustomerPage()[pri:2, instance:com.guru.qa.testcases.HomePageTest@55141def]" started-at="2024-05-31T11:56:19 IST" name="navigateToNewCustomerPage" finished-at="2024-05-31T11:56:19 IST" duration-ms="87" status="PASS">
          <reporter-output>
          </reporter-output>
        </test-method> <!-- navigateToNewCustomerPage -->
        <test-method is-config="true" signature="closeAll()[pri:0, instance:com.guru.qa.testcases.HomePageTest@55141def]" started-at="2024-05-31T11:56:19 IST" name="closeAll" finished-at="2024-05-31T11:56:20 IST" duration-ms="1346" status="PASS">
          <reporter-output>
          </reporter-output>
        </test-method> <!-- closeAll -->
      </class> <!-- com.guru.qa.testcases.HomePageTest -->
    </test> <!-- Default test -->
  </suite> <!-- Default suite -->
</testng-results>
