<?xml version="1.0" encoding="UTF-8"?>
<testng-results ignored="0" total="3" passed="3" failed="0" skipped="0">
  <reporter-output>
  </reporter-output>
  <suite started-at="2024-05-31T00:07:41 IST" name="Default suite" finished-at="2024-05-31T00:08:07 IST" duration-ms="25430">
    <groups>
    </groups>
    <test started-at="2024-05-31T00:07:41 IST" name="Default test" finished-at="2024-05-31T00:08:07 IST" duration-ms="25430">
      <class name="com.guru.qa.testcases.LoginPageTest">
        <test-method is-config="true" signature="setUp()[pri:0, instance:com.guru.qa.testcases.LoginPageTest@55141def]" started-at="2024-05-31T00:07:41 IST" name="setUp" finished-at="2024-05-31T00:07:47 IST" duration-ms="5523" status="PASS">
          <reporter-output>
          </reporter-output>
        </test-method> <!-- setUp -->
        <test-method signature="validateTitle()[pri:0, instance:com.guru.qa.testcases.LoginPageTest@55141def]" started-at="2024-05-31T00:07:47 IST" name="validateTitle" finished-at="2024-05-31T00:07:47 IST" duration-ms="16" status="PASS">
          <reporter-output>
          </reporter-output>
        </test-method> <!-- validateTitle -->
        <test-method is-config="true" signature="tearDown()[pri:0, instance:com.guru.qa.testcases.LoginPageTest@55141def]" started-at="2024-05-31T00:07:47 IST" name="tearDown" finished-at="2024-05-31T00:07:47 IST" duration-ms="196" status="PASS">
          <reporter-output>
          </reporter-output>
        </test-method> <!-- tearDown -->
        <test-method is-config="true" signature="setUp()[pri:0, instance:com.guru.qa.testcases.LoginPageTest@55141def]" started-at="2024-05-31T00:07:47 IST" name="setUp" finished-at="2024-05-31T00:07:52 IST" duration-ms="5106" status="PASS">
          <reporter-output>
          </reporter-output>
        </test-method> <!-- setUp -->
        <test-method signature="validateLogo()[pri:1, instance:com.guru.qa.testcases.LoginPageTest@55141def]" started-at="2024-05-31T00:07:52 IST" name="validateLogo" finished-at="2024-05-31T00:07:52 IST" duration-ms="39" status="PASS">
          <reporter-output>
          </reporter-output>
        </test-method> <!-- validateLogo -->
        <test-method is-config="true" signature="tearDown()[pri:0, instance:com.guru.qa.testcases.LoginPageTest@55141def]" started-at="2024-05-31T00:07:52 IST" name="tearDown" finished-at="2024-05-31T00:07:52 IST" duration-ms="144" status="PASS">
          <reporter-output>
          </reporter-output>
        </test-method> <!-- tearDown -->
        <test-method is-config="true" signature="setUp()[pri:0, instance:com.guru.qa.testcases.LoginPageTest@55141def]" started-at="2024-05-31T00:07:52 IST" name="setUp" finished-at="2024-05-31T00:08:02 IST" duration-ms="9286" status="PASS">
          <reporter-output>
          </reporter-output>
        </test-method> <!-- setUp -->
        <test-method signature="loginToApp()[pri:2, instance:com.guru.qa.testcases.LoginPageTest@55141def]" started-at="2024-05-31T00:08:02 IST" name="loginToApp" finished-at="2024-05-31T00:08:07 IST" duration-ms="4893" status="PASS">
          <reporter-output>
          </reporter-output>
        </test-method> <!-- loginToApp -->
        <test-method is-config="true" signature="tearDown()[pri:0, instance:com.guru.qa.testcases.LoginPageTest@55141def]" started-at="2024-05-31T00:08:07 IST" name="tearDown" finished-at="2024-05-31T00:08:07 IST" duration-ms="191" status="PASS">
          <reporter-output>
          </reporter-output>
        </test-method> <!-- tearDown -->
      </class> <!-- com.guru.qa.testcases.LoginPageTest -->
    </test> <!-- Default test -->
  </suite> <!-- Default suite -->
</testng-results>
